<?xml version="1.0" encoding="UTF-8"?>
<!-- Generated by org.testng.reporters.JUnitReportReporter -->
<testsuite hostname="krupal25" failures="0" tests="3" name="testcases.LoginPageTest" time="4.085" errors="0" timestamp="2023-03-05T10:31:19 IST" skipped="0">
  <testcase classname="testcases.LoginPageTest" name="navToLoginTest" time="1.527"/>
  <system-out/>
  <testcase classname="testcases.LoginPageTest" name="loginTest" time="2.432"/>
  <system-out/>
  <testcase classname="testcases.LoginPageTest" name="verifyLoginTest" time="0.126"/>
  <system-out/>
</testsuite> <!-- testcases.LoginPageTest -->
